<?xml version="1.0" encoding="UTF-8"?>
<!-- Generated by org.testng.reporters.JUnitReportReporter -->
<testsuite hostname="DESKTOP-FORT2QE" failures="0" tests="3" name="com.winapppackage.winApp" time="8.126" errors="0" timestamp="2025-10-02T23:37:48 IST" skipped="0">
  <testcase classname="com.winapppackage.winApp" name="testClickFirstRowIfExists" time="1.547"/>
  <system-out/>
  <testcase classname="com.winapppackage.winApp" name="testFillFormAndHandlePopup" time="5.588"/>
  <system-out/>
  <testcase classname="com.winapppackage.winApp" name="testDeleteFirstRowIfExists" time="0.991"/>
  <system-out/>
</testsuite> <!-- com.winapppackage.winApp -->
