<?xml version="1.0" encoding="UTF-8"?>
<!-- Generated by org.testng.reporters.JUnitReportReporter -->
<testsuite hostname="DESKTOP-FORT2QE" failures="0" tests="3" name="com.winapppackage.winApp" time="7.642" errors="0" timestamp="2025-10-03T00:05:04 IST" skipped="0">
  <testcase classname="com.winapppackage.winApp" name="testClickFirstRowIfExists" time="1.564"/>
  <system-out/>
  <testcase classname="com.winapppackage.winApp" name="testDeleteFirstRowIfExists" time="0.953"/>
  <system-out/>
  <testcase classname="com.winapppackage.winApp" name="testFillFormAndHandlePopup" time="5.125"/>
  <system-out/>
</testsuite> <!-- com.winapppackage.winApp -->
